2025-11-19T07:28:45.096Z  ERROR: (node:18660) [MONGODB DRIVER] Warning: useNewUrlParser is a deprecated option: useNewUrlParser has no effect since Node.js Driver version 4.0.0 and will be removed in the next major version
(Use `node --trace-warnings ...` to show where the warning was created)
2025-11-19T07:28:45.107Z  ERROR: (node:18660) [MONGODB DRIVER] Warning: useUnifiedTopology is a deprecated option: useUnifiedTopology has no effect since Node.js Driver version 4.0.0 and will be removed in the next major version
2025-11-19T07:28:45.108Z  INFO: Server Running on 5000
2025-11-19T07:28:45.851Z  INFO: MongoDB connected
2025-11-19T07:30:28.367Z  INFO: [dotenv@17.2.3] injecting env (8) from .env [2m-- tip: ⚙️  override existing env vars with { override: true }[0m
2025-11-19T07:30:32.319Z  ERROR: (node:4412) [MONGODB DRIVER] Warning: useNewUrlParser is a deprecated option: useNewUrlParser has no effect since Node.js Driver version 4.0.0 and will be removed in the next major version
(Use `node --trace-warnings ...` to show where the warning was created)
2025-11-19T07:30:32.319Z  ERROR: (node:4412) [MONGODB DRIVER] Warning: useUnifiedTopology is a deprecated option: useUnifiedTopology has no effect since Node.js Driver version 4.0.0 and will be removed in the next major version
2025-11-19T07:30:32.320Z  INFO: Server Running on 5000
2025-11-19T07:30:33.097Z  INFO: MongoDB connected
2025-11-19T07:31:09.579Z  INFO: [dotenv@17.2.3] injecting env (8) from .env [2m-- tip: 🔐 prevent committing .env to code: https://dotenvx.com/precommit[0m
2025-11-19T07:31:11.931Z  ERROR: (node:9632) [MONGODB DRIVER] Warning: useNewUrlParser is a deprecated option: useNewUrlParser has no effect since Node.js Driver version 4.0.0 and will be removed in the next major version
(Use `node --trace-warnings ...` to show where the warning was created)
2025-11-19T07:31:11.931Z  ERROR: (node:9632) [MONGODB DRIVER] Warning: useUnifiedTopology is a deprecated option: useUnifiedTopology has no effect since Node.js Driver version 4.0.0 and will be removed in the next major version
2025-11-19T07:31:11.931Z  INFO: Server Running on 5000
2025-11-19T07:31:12.550Z  INFO: MongoDB connected
2025-11-19T07:32:44.279Z  INFO: [dotenv@17.2.3] injecting env (8) from .env [2m-- tip: 🔐 prevent building .env in docker: https://dotenvx.com/prebuild[0m
2025-11-19T07:32:47.458Z  ERROR: (node:19224) [MONGODB DRIVER] Warning: useNewUrlParser is a deprecated option: useNewUrlParser has no effect since Node.js Driver version 4.0.0 and will be removed in the next major version
(Use `node --trace-warnings ...` to show where the warning was created)
2025-11-19T07:32:47.458Z  ERROR: (node:19224) [MONGODB DRIVER] Warning: useUnifiedTopology is a deprecated option: useUnifiedTopology has no effect since Node.js Driver version 4.0.0 and will be removed in the next major version
2025-11-19T07:32:47.459Z  INFO: Server Running on 5000
2025-11-19T07:32:48.168Z  INFO: MongoDB connected
2025-11-19T07:33:09.931Z  INFO: [dotenv@17.2.3] injecting env (8) from .env [2m-- tip: 📡 add observability to secrets: https://dotenvx.com/ops[0m
2025-11-19T07:33:14.119Z  ERROR: (node:6468) [MONGODB DRIVER] Warning: useNewUrlParser is a deprecated option: useNewUrlParser has no effect since Node.js Driver version 4.0.0 and will be removed in the next major version
(Use `node --trace-warnings ...` to show where the warning was created)
2025-11-19T07:33:14.120Z  ERROR: (node:6468) [MONGODB DRIVER] Warning: useUnifiedTopology is a deprecated option: useUnifiedTopology has no effect since Node.js Driver version 4.0.0 and will be removed in the next major version
2025-11-19T07:33:14.121Z  INFO: Server Running on 5000
2025-11-19T07:33:14.801Z  INFO: MongoDB connected
2025-11-19T07:33:27.617Z  INFO: [dotenv@17.2.3] injecting env (8) from .env [2m-- tip: ⚙️  specify custom .env file path with { path: '/custom/path/.env' }[0m
2025-11-19T07:33:30.591Z  ERROR: (node:5848) [MONGODB DRIVER] Warning: useNewUrlParser is a deprecated option: useNewUrlParser has no effect since Node.js Driver version 4.0.0 and will be removed in the next major version
(Use `node --trace-warnings ...` to show where the warning was created)
2025-11-19T07:33:30.591Z  ERROR: (node:5848) [MONGODB DRIVER] Warning: useUnifiedTopology is a deprecated option: useUnifiedTopology has no effect since Node.js Driver version 4.0.0 and will be removed in the next major version
2025-11-19T07:33:30.591Z  INFO: Server Running on 5000
2025-11-19T07:33:31.124Z  INFO: MongoDB connected
2025-11-19T07:34:20.090Z  INFO: [dotenv@17.2.3] injecting env (8) from .env [2m-- tip: ⚙️  suppress all logs with { quiet: true }[0m
2025-11-19T07:34:23.475Z  ERROR: (node:1748) [MONGODB DRIVER] Warning: useNewUrlParser is a deprecated option: useNewUrlParser has no effect since Node.js Driver version 4.0.0 and will be removed in the next major version
(Use `node --trace-warnings ...` to show where the warning was created)
2025-11-19T07:34:23.476Z  ERROR: (node:1748) [MONGODB DRIVER] Warning: useUnifiedTopology is a deprecated option: useUnifiedTopology has no effect since Node.js Driver version 4.0.0 and will be removed in the next major version
2025-11-19T07:34:23.477Z  INFO: Server Running on 5000
2025-11-19T07:34:24.151Z  INFO: MongoDB connected
2025-11-19T07:36:08.666Z  INFO: [dotenv@17.2.3] injecting env (8) from .env [2m-- tip: ⚙️  suppress all logs with { quiet: true }[0m
2025-11-19T07:36:11.507Z  ERROR: (node:14744) [MONGODB DRIVER] Warning: useNewUrlParser is a deprecated option: useNewUrlParser has no effect since Node.js Driver version 4.0.0 and will be removed in the next major version
(Use `node --trace-warnings ...` to show where the warning was created)
2025-11-19T07:36:11.507Z  ERROR: (node:14744) [MONGODB DRIVER] Warning: useUnifiedTopology is a deprecated option: useUnifiedTopology has no effect since Node.js Driver version 4.0.0 and will be removed in the next major version
2025-11-19T07:36:11.508Z  INFO: Server Running on 5000
2025-11-19T07:36:12.190Z  INFO: MongoDB connected
2025-11-19T08:08:56.043Z  INFO: [dotenv@17.2.3] injecting env (8) from .env [2m-- tip: ⚙️  specify custom .env file path with { path: '/custom/path/.env' }[0m
2025-11-19T08:08:59.404Z  ERROR: (node:5648) [MONGODB DRIVER] Warning: useNewUrlParser is a deprecated option: useNewUrlParser has no effect since Node.js Driver version 4.0.0 and will be removed in the next major version
(Use `node --trace-warnings ...` to show where the warning was created)
2025-11-19T08:08:59.404Z  ERROR: (node:5648) [MONGODB DRIVER] Warning: useUnifiedTopology is a deprecated option: useUnifiedTopology has no effect since Node.js Driver version 4.0.0 and will be removed in the next major version
2025-11-19T08:08:59.405Z  INFO: Server Running on 5000
2025-11-19T08:08:59.994Z  INFO: MongoDB connected
2025-11-19T08:10:45.887Z  INFO: [dotenv@17.2.3] injecting env (8) from .env [2m-- tip: 👥 sync secrets across teammates & machines: https://dotenvx.com/ops[0m
2025-11-19T08:10:48.571Z  ERROR: (node:9024) [MONGODB DRIVER] Warning: useNewUrlParser is a deprecated option: useNewUrlParser has no effect since Node.js Driver version 4.0.0 and will be removed in the next major version
(Use `node --trace-warnings ...` to show where the warning was created)
2025-11-19T08:10:48.571Z  ERROR: (node:9024) [MONGODB DRIVER] Warning: useUnifiedTopology is a deprecated option: useUnifiedTopology has no effect since Node.js Driver version 4.0.0 and will be removed in the next major version
2025-11-19T08:10:48.572Z  INFO: Server Running on 5000
2025-11-19T08:10:49.281Z  INFO: MongoDB connected
2025-11-19T08:13:17.392Z  INFO: [dotenv@17.2.3] injecting env (8) from .env [2m-- tip: 🔐 prevent building .env in docker: https://dotenvx.com/prebuild[0m
2025-11-19T08:13:19.979Z  ERROR: (node:9192) [MONGODB DRIVER] Warning: useNewUrlParser is a deprecated option: useNewUrlParser has no effect since Node.js Driver version 4.0.0 and will be removed in the next major version
(Use `node --trace-warnings ...` to show where the warning was created)
2025-11-19T08:13:19.979Z  ERROR: (node:9192) [MONGODB DRIVER] Warning: useUnifiedTopology is a deprecated option: useUnifiedTopology has no effect since Node.js Driver version 4.0.0 and will be removed in the next major version
2025-11-19T08:13:19.979Z  INFO: Server Running on 5000
2025-11-19T08:13:20.948Z  INFO: MongoDB connected
2025-11-19T08:13:58.248Z  INFO: [dotenv@17.2.3] injecting env (8) from .env [2m-- tip: 🛠️  run anywhere with `dotenvx run -- yourcommand`[0m
2025-11-19T08:14:05.514Z  ERROR: (node:6916) [MONGODB DRIVER] Warning: useNewUrlParser is a deprecated option: useNewUrlParser has no effect since Node.js Driver version 4.0.0 and will be removed in the next major version
(Use `node --trace-warnings ...` to show where the warning was created)
2025-11-19T08:14:05.515Z  ERROR: (node:6916) [MONGODB DRIVER] Warning: useUnifiedTopology is a deprecated option: useUnifiedTopology has no effect since Node.js Driver version 4.0.0 and will be removed in the next major version
2025-11-19T08:14:05.516Z  INFO: Server Running on 5000
2025-11-19T08:14:06.257Z  INFO: MongoDB connected
2025-11-19T08:16:19.441Z  INFO: [dotenv@17.2.3] injecting env (8) from .env [2m-- tip: 🔑 add access controls to secrets: https://dotenvx.com/ops[0m
2025-11-19T08:16:21.864Z  ERROR: (node:13436) [MONGODB DRIVER] Warning: useNewUrlParser is a deprecated option: useNewUrlParser has no effect since Node.js Driver version 4.0.0 and will be removed in the next major version
(Use `node --trace-warnings ...` to show where the warning was created)
2025-11-19T08:16:21.864Z  ERROR: (node:13436) [MONGODB DRIVER] Warning: useUnifiedTopology is a deprecated option: useUnifiedTopology has no effect since Node.js Driver version 4.0.0 and will be removed in the next major version
2025-11-19T08:16:21.865Z  INFO: Server Running on 5000
2025-11-19T08:16:22.425Z  INFO: MongoDB connected
2025-11-19T08:23:29.996Z  INFO: [dotenv@17.2.3] injecting env (8) from .env [2m-- tip: 🔐 prevent building .env in docker: https://dotenvx.com/prebuild[0m
2025-11-19T08:23:32.235Z  ERROR: (node:8948) [MONGODB DRIVER] Warning: useNewUrlParser is a deprecated option: useNewUrlParser has no effect since Node.js Driver version 4.0.0 and will be removed in the next major version
(Use `node --trace-warnings ...` to show where the warning was created)
2025-11-19T08:23:32.235Z  ERROR: (node:8948) [MONGODB DRIVER] Warning: useUnifiedTopology is a deprecated option: useUnifiedTopology has no effect since Node.js Driver version 4.0.0 and will be removed in the next major version
2025-11-19T08:23:32.236Z  INFO: Server Running on 5000
2025-11-19T08:23:32.848Z  INFO: MongoDB connected
2025-11-19T09:39:56.862Z  INFO: [dotenv@17.2.3] injecting env (8) from .env [2m-- tip: 📡 add observability to secrets: https://dotenvx.com/ops[0m
2025-11-19T09:39:59.476Z  ERROR: (node:9444) [MONGODB DRIVER] Warning: useNewUrlParser is a deprecated option: useNewUrlParser has no effect since Node.js Driver version 4.0.0 and will be removed in the next major version
(Use `node --trace-warnings ...` to show where the warning was created)
2025-11-19T09:39:59.476Z  ERROR: (node:9444) [MONGODB DRIVER] Warning: useUnifiedTopology is a deprecated option: useUnifiedTopology has no effect since Node.js Driver version 4.0.0 and will be removed in the next major version
2025-11-19T09:39:59.476Z  INFO: Server Running on 5000
2025-11-19T09:40:00.131Z  INFO: MongoDB connected
2025-11-19T10:55:42.095Z  INFO: [dotenv@17.2.3] injecting env (8) from .env [2m-- tip: 📡 add observability to secrets: https://dotenvx.com/ops[0m
2025-11-19T10:55:45.124Z  ERROR: (node:14412) [MONGODB DRIVER] Warning: useNewUrlParser is a deprecated option: useNewUrlParser has no effect since Node.js Driver version 4.0.0 and will be removed in the next major version
(Use `node --trace-warnings ...` to show where the warning was created)
2025-11-19T10:55:45.125Z  ERROR: (node:14412) [MONGODB DRIVER] Warning: useUnifiedTopology is a deprecated option: useUnifiedTopology has no effect since Node.js Driver version 4.0.0 and will be removed in the next major version
2025-11-19T10:55:45.125Z  INFO: Server Running on 5000
2025-11-19T10:55:45.719Z  INFO: MongoDB connected
2025-11-19T10:58:26.240Z  INFO: [dotenv@17.2.3] injecting env (8) from .env [2m-- tip: 🔐 prevent building .env in docker: https://dotenvx.com/prebuild[0m
2025-11-19T10:58:28.881Z  ERROR: (node:19536) [MONGODB DRIVER] Warning: useNewUrlParser is a deprecated option: useNewUrlParser has no effect since Node.js Driver version 4.0.0 and will be removed in the next major version
(Use `node --trace-warnings ...` to show where the warning was created)
2025-11-19T10:58:28.887Z  ERROR: (node:19536) [MONGODB DRIVER] Warning: useUnifiedTopology is a deprecated option: useUnifiedTopology has no effect since Node.js Driver version 4.0.0 and will be removed in the next major version
2025-11-19T10:58:28.888Z  INFO: Server Running on 5000
2025-11-19T10:58:29.673Z  INFO: MongoDB connected
2025-11-19T11:16:43.838Z  INFO: [dotenv@17.2.3] injecting env (8) from .env [2m-- tip: ✅ audit secrets and track compliance: https://dotenvx.com/ops[0m
2025-11-19T11:16:45.861Z  ERROR: (node:13128) [MONGODB DRIVER] Warning: useNewUrlParser is a deprecated option: useNewUrlParser has no effect since Node.js Driver version 4.0.0 and will be removed in the next major version
(Use `node --trace-warnings ...` to show where the warning was created)
2025-11-19T11:16:45.862Z  ERROR: (node:13128) [MONGODB DRIVER] Warning: useUnifiedTopology is a deprecated option: useUnifiedTopology has no effect since Node.js Driver version 4.0.0 and will be removed in the next major version
2025-11-19T11:16:45.862Z  INFO: Server Running on 5000
2025-11-19T11:16:46.523Z  INFO: MongoDB connected
2025-11-19T12:12:47.706Z  INFO: [dotenv@17.2.3] injecting env (8) from .env [2m-- tip: 📡 add observability to secrets: https://dotenvx.com/ops[0m
2025-11-19T12:12:50.978Z  ERROR: (node:13036) [MONGODB DRIVER] Warning: useNewUrlParser is a deprecated option: useNewUrlParser has no effect since Node.js Driver version 4.0.0 and will be removed in the next major version
(Use `node --trace-warnings ...` to show where the warning was created)
2025-11-19T12:12:50.978Z  ERROR: (node:13036) [MONGODB DRIVER] Warning: useUnifiedTopology is a deprecated option: useUnifiedTopology has no effect since Node.js Driver version 4.0.0 and will be removed in the next major version
2025-11-19T12:12:50.979Z  INFO: Server Running on 5000
2025-11-19T12:12:51.641Z  INFO: MongoDB connected
2025-11-19T12:40:23.927Z  INFO: [dotenv@17.2.3] injecting env (8) from .env [2m-- tip: 🛠️  run anywhere with `dotenvx run -- yourcommand`[0m
2025-11-19T12:40:26.174Z  ERROR: (node:5648) [MONGODB DRIVER] Warning: useNewUrlParser is a deprecated option: useNewUrlParser has no effect since Node.js Driver version 4.0.0 and will be removed in the next major version
(Use `node --trace-warnings ...` to show where the warning was created)
2025-11-19T12:40:26.175Z  ERROR: (node:5648) [MONGODB DRIVER] Warning: useUnifiedTopology is a deprecated option: useUnifiedTopology has no effect since Node.js Driver version 4.0.0 and will be removed in the next major version
2025-11-19T12:40:26.176Z  INFO: Server Running on 5000
2025-11-19T12:40:27.223Z  INFO: MongoDB connected
2025-11-19T12:51:50.687Z  INFO: [dotenv@17.2.3] injecting env (8) from .env [2m-- tip: ⚙️  write to custom object with { processEnv: myObject }[0m
2025-11-19T12:51:51.872Z  ERROR: (node:1804) [MONGODB DRIVER] Warning: useNewUrlParser is a deprecated option: useNewUrlParser has no effect since Node.js Driver version 4.0.0 and will be removed in the next major version
(Use `node --trace-warnings ...` to show where the warning was created)
2025-11-19T12:51:51.872Z  ERROR: (node:1804) [MONGODB DRIVER] Warning: useUnifiedTopology is a deprecated option: useUnifiedTopology has no effect since Node.js Driver version 4.0.0 and will be removed in the next major version
2025-11-19T12:51:51.873Z  INFO: Server Running on 5000
2025-11-19T12:51:52.524Z  INFO: MongoDB connected
2025-11-19T13:18:44.373Z  INFO: [dotenv@17.2.3] injecting env (8) from .env [2m-- tip: ⚙️  specify custom .env file path with { path: '/custom/path/.env' }[0m
2025-11-19T13:18:46.881Z  ERROR: (node:8524) [MONGODB DRIVER] Warning: useNewUrlParser is a deprecated option: useNewUrlParser has no effect since Node.js Driver version 4.0.0 and will be removed in the next major version
(Use `node --trace-warnings ...` to show where the warning was created)
2025-11-19T13:18:46.881Z  ERROR: (node:8524) [MONGODB DRIVER] Warning: useUnifiedTopology is a deprecated option: useUnifiedTopology has no effect since Node.js Driver version 4.0.0 and will be removed in the next major version
2025-11-19T13:18:46.881Z  INFO: Server Running on 5000
2025-11-19T13:18:47.641Z  INFO: MongoDB connected
2025-11-19T13:19:00.826Z  INFO: [dotenv@17.2.3] injecting env (8) from .env [2m-- tip: 🔑 add access controls to secrets: https://dotenvx.com/ops[0m
2025-11-19T13:19:02.697Z  ERROR: (node:11852) [MONGODB DRIVER] Warning: useNewUrlParser is a deprecated option: useNewUrlParser has no effect since Node.js Driver version 4.0.0 and will be removed in the next major version
(Use `node --trace-warnings ...` to show where the warning was created)
2025-11-19T13:19:02.697Z  ERROR: (node:11852) [MONGODB DRIVER] Warning: useUnifiedTopology is a deprecated option: useUnifiedTopology has no effect since Node.js Driver version 4.0.0 and will be removed in the next major version
2025-11-19T13:19:02.697Z  INFO: Server Running on 5000
2025-11-19T13:19:03.207Z  INFO: MongoDB connected
2025-11-19T13:19:28.752Z  INFO: [dotenv@17.2.3] injecting env (8) from .env [2m-- tip: 🔄 add secrets lifecycle management: https://dotenvx.com/ops[0m
2025-11-19T13:19:31.225Z  ERROR: (node:15324) [MONGODB DRIVER] Warning: useNewUrlParser is a deprecated option: useNewUrlParser has no effect since Node.js Driver version 4.0.0 and will be removed in the next major version
(Use `node --trace-warnings ...` to show where the warning was created)
2025-11-19T13:19:31.226Z  ERROR: (node:15324) [MONGODB DRIVER] Warning: useUnifiedTopology is a deprecated option: useUnifiedTopology has no effect since Node.js Driver version 4.0.0 and will be removed in the next major version
2025-11-19T13:19:31.226Z  INFO: Server Running on 5000
2025-11-19T13:19:31.801Z  INFO: MongoDB connected
2025-11-19T13:26:56.986Z  INFO: [dotenv@17.2.3] injecting env (8) from .env [2m-- tip: 🗂️ backup and recover secrets: https://dotenvx.com/ops[0m
2025-11-19T13:26:59.659Z  ERROR: (node:13652) [MONGODB DRIVER] Warning: useNewUrlParser is a deprecated option: useNewUrlParser has no effect since Node.js Driver version 4.0.0 and will be removed in the next major version
(Use `node --trace-warnings ...` to show where the warning was created)
2025-11-19T13:26:59.659Z  ERROR: (node:13652) [MONGODB DRIVER] Warning: useUnifiedTopology is a deprecated option: useUnifiedTopology has no effect since Node.js Driver version 4.0.0 and will be removed in the next major version
2025-11-19T13:26:59.659Z  INFO: Server Running on 5000
2025-11-19T13:27:00.190Z  INFO: MongoDB connected
2025-11-20T07:04:43.202Z  INFO: [dotenv@17.2.3] injecting env (8) from .env [2m-- tip: 🔐 encrypt with Dotenvx: https://dotenvx.com[0m
2025-11-20T07:04:46.504Z  ERROR: (node:6704) [MONGODB DRIVER] Warning: useNewUrlParser is a deprecated option: useNewUrlParser has no effect since Node.js Driver version 4.0.0 and will be removed in the next major version
(Use `node --trace-warnings ...` to show where the warning was created)
2025-11-20T07:04:46.504Z  ERROR: (node:6704) [MONGODB DRIVER] Warning: useUnifiedTopology is a deprecated option: useUnifiedTopology has no effect since Node.js Driver version 4.0.0 and will be removed in the next major version
2025-11-20T07:04:46.505Z  INFO: Server Running on 5000
2025-11-20T07:04:47.186Z  INFO: MongoDB connected
2025-11-20T07:32:13.965Z  INFO: [dotenv@17.2.3] injecting env (8) from .env [2m-- tip: 🔄 add secrets lifecycle management: https://dotenvx.com/ops[0m
2025-11-20T07:32:15.929Z  ERROR: (node:13060) [MONGODB DRIVER] Warning: useNewUrlParser is a deprecated option: useNewUrlParser has no effect since Node.js Driver version 4.0.0 and will be removed in the next major version
(Use `node --trace-warnings ...` to show where the warning was created)
2025-11-20T07:32:15.930Z  ERROR: (node:13060) [MONGODB DRIVER] Warning: useUnifiedTopology is a deprecated option: useUnifiedTopology has no effect since Node.js Driver version 4.0.0 and will be removed in the next major version
2025-11-20T07:32:15.931Z  INFO: Server Running on 5000
2025-11-20T07:32:16.537Z  INFO: MongoDB connected
2025-11-20T07:33:01.507Z  INFO: [dotenv@17.2.3] injecting env (8) from .env [2m-- tip: 🔄 add secrets lifecycle management: https://dotenvx.com/ops[0m
2025-11-20T07:33:04.718Z  ERROR: (node:3756) [MONGODB DRIVER] Warning: useNewUrlParser is a deprecated option: useNewUrlParser has no effect since Node.js Driver version 4.0.0 and will be removed in the next major version
(Use `node --trace-warnings ...` to show where the warning was created)
2025-11-20T07:33:04.719Z  ERROR: (node:3756) [MONGODB DRIVER] Warning: useUnifiedTopology is a deprecated option: useUnifiedTopology has no effect since Node.js Driver version 4.0.0 and will be removed in the next major version
2025-11-20T07:33:04.719Z  INFO: Server Running on 5000
2025-11-20T07:33:05.463Z  INFO: MongoDB connected
2025-11-20T07:33:22.837Z  INFO: [dotenv@17.2.3] injecting env (8) from .env [2m-- tip: 🔑 add access controls to secrets: https://dotenvx.com/ops[0m
2025-11-20T07:33:24.644Z  ERROR: (node:768) [MONGODB DRIVER] Warning: useNewUrlParser is a deprecated option: useNewUrlParser has no effect since Node.js Driver version 4.0.0 and will be removed in the next major version
(Use `node --trace-warnings ...` to show where the warning was created)
2025-11-20T07:33:24.644Z  ERROR: (node:768) [MONGODB DRIVER] Warning: useUnifiedTopology is a deprecated option: useUnifiedTopology has no effect since Node.js Driver version 4.0.0 and will be removed in the next major version
2025-11-20T07:33:24.645Z  INFO: Server Running on 5000
2025-11-20T07:33:25.374Z  INFO: MongoDB connected
2025-11-20T07:33:54.405Z  INFO: [dotenv@17.2.3] injecting env (8) from .env [2m-- tip: ⚙️  override existing env vars with { override: true }[0m
2025-11-20T07:33:57.234Z  ERROR: (node:8972) [MONGODB DRIVER] Warning: useNewUrlParser is a deprecated option: useNewUrlParser has no effect since Node.js Driver version 4.0.0 and will be removed in the next major version
(Use `node --trace-warnings ...` to show where the warning was created)
2025-11-20T07:33:57.234Z  ERROR: (node:8972) [MONGODB DRIVER] Warning: useUnifiedTopology is a deprecated option: useUnifiedTopology has no effect since Node.js Driver version 4.0.0 and will be removed in the next major version
2025-11-20T07:33:57.234Z  INFO: Server Running on 5000
2025-11-20T07:33:57.802Z  INFO: MongoDB connected
2025-11-20T07:34:03.343Z  INFO: [dotenv@17.2.3] injecting env (8) from .env [2m-- tip: 🗂️ backup and recover secrets: https://dotenvx.com/ops[0m
2025-11-20T07:34:05.171Z  ERROR: (node:9336) [MONGODB DRIVER] Warning: useNewUrlParser is a deprecated option: useNewUrlParser has no effect since Node.js Driver version 4.0.0 and will be removed in the next major version
(Use `node --trace-warnings ...` to show where the warning was created)
2025-11-20T07:34:05.172Z  ERROR: (node:9336) [MONGODB DRIVER] Warning: useUnifiedTopology is a deprecated option: useUnifiedTopology has no effect since Node.js Driver version 4.0.0 and will be removed in the next major version
2025-11-20T07:34:05.172Z  INFO: Server Running on 5000
2025-11-20T07:34:05.675Z  INFO: MongoDB connected
2025-11-20T07:35:29.680Z  INFO: [dotenv@17.2.3] injecting env (8) from .env [2m-- tip: 📡 add observability to secrets: https://dotenvx.com/ops[0m
2025-11-20T07:35:32.823Z  ERROR: (node:9308) [MONGODB DRIVER] Warning: useNewUrlParser is a deprecated option: useNewUrlParser has no effect since Node.js Driver version 4.0.0 and will be removed in the next major version
(Use `node --trace-warnings ...` to show where the warning was created)
2025-11-20T07:35:32.824Z  ERROR: (node:9308) [MONGODB DRIVER] Warning: useUnifiedTopology is a deprecated option: useUnifiedTopology has no effect since Node.js Driver version 4.0.0 and will be removed in the next major version
2025-11-20T07:35:32.824Z  INFO: Server Running on 5000
2025-11-20T07:35:33.544Z  INFO: MongoDB connected
2025-11-20T07:35:42.581Z  INFO: [dotenv@17.2.3] injecting env (8) from .env [2m-- tip: 🔑 add access controls to secrets: https://dotenvx.com/ops[0m
2025-11-20T07:35:44.910Z  ERROR: (node:9916) [MONGODB DRIVER] Warning: useNewUrlParser is a deprecated option: useNewUrlParser has no effect since Node.js Driver version 4.0.0 and will be removed in the next major version
(Use `node --trace-warnings ...` to show where the warning was created)
2025-11-20T07:35:44.911Z  ERROR: (node:9916) [MONGODB DRIVER] Warning: useUnifiedTopology is a deprecated option: useUnifiedTopology has no effect since Node.js Driver version 4.0.0 and will be removed in the next major version
2025-11-20T07:35:44.911Z  INFO: Server Running on 5000
2025-11-20T07:35:45.580Z  INFO: MongoDB connected
2025-11-20T09:39:01.037Z  INFO: [dotenv@17.2.3] injecting env (8) from .env [2m-- tip: ⚙️  enable debug logging with { debug: true }[0m
2025-11-20T09:39:03.842Z  ERROR: (node:16620) [MONGODB DRIVER] Warning: useNewUrlParser is a deprecated option: useNewUrlParser has no effect since Node.js Driver version 4.0.0 and will be removed in the next major version
(Use `node --trace-warnings ...` to show where the warning was created)
2025-11-20T09:39:03.843Z  ERROR: (node:16620) [MONGODB DRIVER] Warning: useUnifiedTopology is a deprecated option: useUnifiedTopology has no effect since Node.js Driver version 4.0.0 and will be removed in the next major version
2025-11-20T09:39:03.843Z  INFO: Server Running on 5000
2025-11-20T09:39:04.498Z  INFO: MongoDB connected
2025-11-20T09:40:32.542Z  INFO: [dotenv@17.2.3] injecting env (8) from .env [2m-- tip: 📡 add observability to secrets: https://dotenvx.com/ops[0m
2025-11-20T09:40:34.246Z  ERROR: (node:11464) [MONGODB DRIVER] Warning: useNewUrlParser is a deprecated option: useNewUrlParser has no effect since Node.js Driver version 4.0.0 and will be removed in the next major version
(Use `node --trace-warnings ...` to show where the warning was created)
2025-11-20T09:40:34.247Z  ERROR: (node:11464) [MONGODB DRIVER] Warning: useUnifiedTopology is a deprecated option: useUnifiedTopology has no effect since Node.js Driver version 4.0.0 and will be removed in the next major version
2025-11-20T09:40:34.247Z  INFO: Server Running on 5000
2025-11-20T09:40:34.855Z  INFO: MongoDB connected
2025-11-20T10:41:11.872Z  INFO: [dotenv@17.2.3] injecting env (8) from .env [2m-- tip: ⚙️  override existing env vars with { override: true }[0m
2025-11-20T10:41:15.078Z  ERROR: (node:2664) [MONGODB DRIVER] Warning: useNewUrlParser is a deprecated option: useNewUrlParser has no effect since Node.js Driver version 4.0.0 and will be removed in the next major version
(Use `node --trace-warnings ...` to show where the warning was created)
2025-11-20T10:41:15.078Z  ERROR: (node:2664) [MONGODB DRIVER] Warning: useUnifiedTopology is a deprecated option: useUnifiedTopology has no effect since Node.js Driver version 4.0.0 and will be removed in the next major version
2025-11-20T10:41:15.079Z  INFO: Server Running on 5000
2025-11-20T10:41:16.023Z  INFO: MongoDB connected
2025-11-20T10:47:47.553Z  INFO: [dotenv@17.2.3] injecting env (8) from .env [2m-- tip: 🛠️  run anywhere with `dotenvx run -- yourcommand`[0m
2025-11-20T10:47:51.633Z  ERROR: (node:3384) [MONGODB DRIVER] Warning: useNewUrlParser is a deprecated option: useNewUrlParser has no effect since Node.js Driver version 4.0.0 and will be removed in the next major version
(Use `node --trace-warnings ...` to show where the warning was created)
2025-11-20T10:47:51.634Z  ERROR: (node:3384) [MONGODB DRIVER] Warning: useUnifiedTopology is a deprecated option: useUnifiedTopology has no effect since Node.js Driver version 4.0.0 and will be removed in the next major version
2025-11-20T10:47:51.635Z  INFO: Server Running on 5000
2025-11-20T10:47:52.921Z  INFO: MongoDB connected
2025-11-20T10:48:09.987Z  INFO: [dotenv@17.2.3] injecting env (8) from .env [2m-- tip: ⚙️  load multiple .env files with { path: ['.env.local', '.env'] }[0m
2025-11-20T10:48:13.630Z  ERROR: (node:16840) [MONGODB DRIVER] Warning: useNewUrlParser is a deprecated option: useNewUrlParser has no effect since Node.js Driver version 4.0.0 and will be removed in the next major version
(Use `node --trace-warnings ...` to show where the warning was created)
2025-11-20T10:48:13.630Z  ERROR: (node:16840) [MONGODB DRIVER] Warning: useUnifiedTopology is a deprecated option: useUnifiedTopology has no effect since Node.js Driver version 4.0.0 and will be removed in the next major version
2025-11-20T10:48:13.631Z  INFO: Server Running on 5000
2025-11-20T10:48:14.236Z  INFO: MongoDB connected
2025-11-20T10:50:23.925Z  INFO: [dotenv@17.2.3] injecting env (8) from .env [2m-- tip: ⚙️  load multiple .env files with { path: ['.env.local', '.env'] }[0m
2025-11-20T10:50:26.800Z  ERROR: (node:10520) [MONGODB DRIVER] Warning: useNewUrlParser is a deprecated option: useNewUrlParser has no effect since Node.js Driver version 4.0.0 and will be removed in the next major version
(Use `node --trace-warnings ...` to show where the warning was created)
2025-11-20T10:50:26.801Z  ERROR: (node:10520) [MONGODB DRIVER] Warning: useUnifiedTopology is a deprecated option: useUnifiedTopology has no effect since Node.js Driver version 4.0.0 and will be removed in the next major version
2025-11-20T10:50:26.801Z  INFO: Server Running on 5000
2025-11-20T10:50:27.907Z  INFO: MongoDB connected
2025-11-20T11:05:07.742Z  INFO: [dotenv@17.2.3] injecting env (8) from .env [2m-- tip: 🔑 add access controls to secrets: https://dotenvx.com/ops[0m
2025-11-20T11:05:10.165Z  ERROR: (node:15824) [MONGODB DRIVER] Warning: useNewUrlParser is a deprecated option: useNewUrlParser has no effect since Node.js Driver version 4.0.0 and will be removed in the next major version
(Use `node --trace-warnings ...` to show where the warning was created)
2025-11-20T11:05:10.166Z  ERROR: (node:15824) [MONGODB DRIVER] Warning: useUnifiedTopology is a deprecated option: useUnifiedTopology has no effect since Node.js Driver version 4.0.0 and will be removed in the next major version
2025-11-20T11:05:10.167Z  INFO: Server Running on 5000
2025-11-20T11:05:10.753Z  INFO: MongoDB connected
2025-11-20T11:19:22.544Z  INFO: [dotenv@17.2.3] injecting env (8) from .env [2m-- tip: ⚙️  specify custom .env file path with { path: '/custom/path/.env' }[0m
2025-11-20T11:19:28.003Z  ERROR: (node:18404) [MONGODB DRIVER] Warning: useNewUrlParser is a deprecated option: useNewUrlParser has no effect since Node.js Driver version 4.0.0 and will be removed in the next major version
(Use `node --trace-warnings ...` to show where the warning was created)
2025-11-20T11:19:28.004Z  ERROR: (node:18404) [MONGODB DRIVER] Warning: useUnifiedTopology is a deprecated option: useUnifiedTopology has no effect since Node.js Driver version 4.0.0 and will be removed in the next major version
2025-11-20T11:19:28.004Z  INFO: Server Running on 5000
2025-11-20T11:19:28.726Z  INFO: MongoDB connected
2025-11-20T11:41:43.657Z  INFO: [dotenv@17.2.3] injecting env (8) from .env [2m-- tip: 👥 sync secrets across teammates & machines: https://dotenvx.com/ops[0m
2025-11-20T11:41:47.778Z  ERROR: (node:15860) [MONGODB DRIVER] Warning: useNewUrlParser is a deprecated option: useNewUrlParser has no effect since Node.js Driver version 4.0.0 and will be removed in the next major version
(Use `node --trace-warnings ...` to show where the warning was created)
2025-11-20T11:41:47.779Z  ERROR: (node:15860) [MONGODB DRIVER] Warning: useUnifiedTopology is a deprecated option: useUnifiedTopology has no effect since Node.js Driver version 4.0.0 and will be removed in the next major version
2025-11-20T11:41:47.781Z  INFO: Server Running on 5000
2025-11-20T11:41:48.428Z  INFO: MongoDB connected
2025-11-20T11:43:04.530Z  INFO: [dotenv@17.2.3] injecting env (8) from .env [2m-- tip: 🗂️ backup and recover secrets: https://dotenvx.com/ops[0m
2025-11-20T11:43:07.033Z  ERROR: (node:19044) [MONGODB DRIVER] Warning: useNewUrlParser is a deprecated option: useNewUrlParser has no effect since Node.js Driver version 4.0.0 and will be removed in the next major version
(Use `node --trace-warnings ...` to show where the warning was created)
2025-11-20T11:43:07.034Z  ERROR: (node:19044) [MONGODB DRIVER] Warning: useUnifiedTopology is a deprecated option: useUnifiedTopology has no effect since Node.js Driver version 4.0.0 and will be removed in the next major version
2025-11-20T11:43:07.034Z  INFO: Server Running on 5000
2025-11-20T11:43:07.765Z  INFO: MongoDB connected
2025-11-20T12:01:25.929Z  INFO: [dotenv@17.2.3] injecting env (8) from .env [2m-- tip: 🛠️  run anywhere with `dotenvx run -- yourcommand`[0m
2025-11-20T12:01:27.956Z  ERROR: (node:2604) [MONGODB DRIVER] Warning: useNewUrlParser is a deprecated option: useNewUrlParser has no effect since Node.js Driver version 4.0.0 and will be removed in the next major version
(Use `node --trace-warnings ...` to show where the warning was created)
2025-11-20T12:01:27.956Z  ERROR: (node:2604) [MONGODB DRIVER] Warning: useUnifiedTopology is a deprecated option: useUnifiedTopology has no effect since Node.js Driver version 4.0.0 and will be removed in the next major version
2025-11-20T12:01:27.957Z  INFO: Server Running on 5000
2025-11-20T12:01:28.598Z  INFO: MongoDB connected
2025-11-20T12:22:07.163Z  INFO: [dotenv@17.2.3] injecting env (8) from .env [2m-- tip: 🔐 prevent building .env in docker: https://dotenvx.com/prebuild[0m
2025-11-20T12:22:10.313Z  ERROR: (node:3552) [MONGODB DRIVER] Warning: useNewUrlParser is a deprecated option: useNewUrlParser has no effect since Node.js Driver version 4.0.0 and will be removed in the next major version
(Use `node --trace-warnings ...` to show where the warning was created)
2025-11-20T12:22:10.313Z  ERROR: (node:3552) [MONGODB DRIVER] Warning: useUnifiedTopology is a deprecated option: useUnifiedTopology has no effect since Node.js Driver version 4.0.0 and will be removed in the next major version
2025-11-20T12:22:10.314Z  INFO: Server Running on 5000
2025-11-20T12:22:10.990Z  INFO: MongoDB connected
2025-11-20T12:22:44.139Z  INFO: [dotenv@17.2.3] injecting env (8) from .env [2m-- tip: 🛠️  run anywhere with `dotenvx run -- yourcommand`[0m
2025-11-20T12:22:46.966Z  ERROR: (node:15784) [MONGODB DRIVER] Warning: useNewUrlParser is a deprecated option: useNewUrlParser has no effect since Node.js Driver version 4.0.0 and will be removed in the next major version
(Use `node --trace-warnings ...` to show where the warning was created)
2025-11-20T12:22:46.966Z  ERROR: (node:15784) [MONGODB DRIVER] Warning: useUnifiedTopology is a deprecated option: useUnifiedTopology has no effect since Node.js Driver version 4.0.0 and will be removed in the next major version
2025-11-20T12:22:46.967Z  INFO: Server Running on 5000
2025-11-20T12:22:47.574Z  INFO: MongoDB connected
2025-11-20T12:25:06.548Z  INFO: [dotenv@17.2.3] injecting env (8) from .env [2m-- tip: 🔐 encrypt with Dotenvx: https://dotenvx.com[0m
2025-11-20T12:25:08.594Z  ERROR: (node:272) [MONGODB DRIVER] Warning: useNewUrlParser is a deprecated option: useNewUrlParser has no effect since Node.js Driver version 4.0.0 and will be removed in the next major version
(Use `node --trace-warnings ...` to show where the warning was created)
2025-11-20T12:25:08.595Z  ERROR: (node:272) [MONGODB DRIVER] Warning: useUnifiedTopology is a deprecated option: useUnifiedTopology has no effect since Node.js Driver version 4.0.0 and will be removed in the next major version
2025-11-20T12:25:08.597Z  INFO: Server Running on 5000
2025-11-20T12:25:09.205Z  INFO: MongoDB connected
2025-11-20T12:28:45.579Z  INFO: [dotenv@17.2.3] injecting env (8) from .env [2m-- tip: 🔐 prevent committing .env to code: https://dotenvx.com/precommit[0m
2025-11-20T12:28:48.134Z  ERROR: (node:17196) [MONGODB DRIVER] Warning: useNewUrlParser is a deprecated option: useNewUrlParser has no effect since Node.js Driver version 4.0.0 and will be removed in the next major version
(Use `node --trace-warnings ...` to show where the warning was created)
2025-11-20T12:28:48.135Z  ERROR: (node:17196) [MONGODB DRIVER] Warning: useUnifiedTopology is a deprecated option: useUnifiedTopology has no effect since Node.js Driver version 4.0.0 and will be removed in the next major version
2025-11-20T12:28:48.135Z  INFO: Server Running on 5000
2025-11-20T12:28:49.048Z  INFO: MongoDB connected
2025-11-20T12:44:14.778Z  INFO: [dotenv@17.2.3] injecting env (8) from .env [2m-- tip: ✅ audit secrets and track compliance: https://dotenvx.com/ops[0m
2025-11-20T12:44:17.223Z  ERROR: (node:14632) [MONGODB DRIVER] Warning: useNewUrlParser is a deprecated option: useNewUrlParser has no effect since Node.js Driver version 4.0.0 and will be removed in the next major version
(Use `node --trace-warnings ...` to show where the warning was created)
2025-11-20T12:44:17.224Z  ERROR: (node:14632) [MONGODB DRIVER] Warning: useUnifiedTopology is a deprecated option: useUnifiedTopology has no effect since Node.js Driver version 4.0.0 and will be removed in the next major version
2025-11-20T12:44:17.224Z  INFO: Server Running on 5000
2025-11-20T12:44:18.076Z  INFO: MongoDB connected
2025-11-20T12:45:25.010Z  INFO: [dotenv@17.2.3] injecting env (8) from .env [2m-- tip: ⚙️  write to custom object with { processEnv: myObject }[0m
2025-11-20T12:45:26.554Z  ERROR: (node:10764) [MONGODB DRIVER] Warning: useNewUrlParser is a deprecated option: useNewUrlParser has no effect since Node.js Driver version 4.0.0 and will be removed in the next major version
(Use `node --trace-warnings ...` to show where the warning was created)
2025-11-20T12:45:26.555Z  ERROR: (node:10764) [MONGODB DRIVER] Warning: useUnifiedTopology is a deprecated option: useUnifiedTopology has no effect since Node.js Driver version 4.0.0 and will be removed in the next major version
2025-11-20T12:45:26.555Z  INFO: Server Running on 5000
2025-11-20T12:45:27.140Z  INFO: MongoDB connected
2025-11-20T12:53:44.212Z  INFO: [dotenv@17.2.3] injecting env (8) from .env [2m-- tip: ⚙️  override existing env vars with { override: true }[0m
2025-11-20T12:53:47.661Z  ERROR: (node:14812) [MONGODB DRIVER] Warning: useNewUrlParser is a deprecated option: useNewUrlParser has no effect since Node.js Driver version 4.0.0 and will be removed in the next major version
(Use `node --trace-warnings ...` to show where the warning was created)
2025-11-20T12:53:47.662Z  ERROR: (node:14812) [MONGODB DRIVER] Warning: useUnifiedTopology is a deprecated option: useUnifiedTopology has no effect since Node.js Driver version 4.0.0 and will be removed in the next major version
2025-11-20T12:53:47.662Z  INFO: Server Running on 5000
2025-11-20T12:53:48.392Z  INFO: MongoDB connected
2025-11-20T13:07:12.164Z  INFO: [dotenv@17.2.3] injecting env (8) from .env [2m-- tip: 🔐 prevent committing .env to code: https://dotenvx.com/precommit[0m
2025-11-20T13:07:15.067Z  ERROR: (node:2432) [MONGODB DRIVER] Warning: useNewUrlParser is a deprecated option: useNewUrlParser has no effect since Node.js Driver version 4.0.0 and will be removed in the next major version
(Use `node --trace-warnings ...` to show where the warning was created)
2025-11-20T13:07:15.067Z  ERROR: (node:2432) [MONGODB DRIVER] Warning: useUnifiedTopology is a deprecated option: useUnifiedTopology has no effect since Node.js Driver version 4.0.0 and will be removed in the next major version
2025-11-20T13:07:15.068Z  INFO: Server Running on 5000
2025-11-20T13:07:15.621Z  INFO: MongoDB connected
2025-11-20T13:10:59.367Z  INFO: [dotenv@17.2.3] injecting env (8) from .env [2m-- tip: 📡 add observability to secrets: https://dotenvx.com/ops[0m
2025-11-20T13:11:03.038Z  ERROR: (node:15784) [MONGODB DRIVER] Warning: useNewUrlParser is a deprecated option: useNewUrlParser has no effect since Node.js Driver version 4.0.0 and will be removed in the next major version
(Use `node --trace-warnings ...` to show where the warning was created)
2025-11-20T13:11:03.039Z  ERROR: (node:15784) [MONGODB DRIVER] Warning: useUnifiedTopology is a deprecated option: useUnifiedTopology has no effect since Node.js Driver version 4.0.0 and will be removed in the next major version
2025-11-20T13:11:03.040Z  INFO: Server Running on 5000
2025-11-20T13:11:03.849Z  INFO: MongoDB connected
2025-11-21T06:21:49.821Z  INFO: [dotenv@17.2.3] injecting env (8) from .env [2m-- tip: 👥 sync secrets across teammates & machines: https://dotenvx.com/ops[0m
2025-11-21T06:21:52.270Z  ERROR: (node:16420) [MONGODB DRIVER] Warning: useNewUrlParser is a deprecated option: useNewUrlParser has no effect since Node.js Driver version 4.0.0 and will be removed in the next major version
(Use `node --trace-warnings ...` to show where the warning was created)
2025-11-21T06:21:52.271Z  ERROR: (node:16420) [MONGODB DRIVER] Warning: useUnifiedTopology is a deprecated option: useUnifiedTopology has no effect since Node.js Driver version 4.0.0 and will be removed in the next major version
2025-11-21T06:21:52.273Z  INFO: Server Running on 5000
2025-11-21T06:21:53.171Z  INFO: MongoDB connected
2025-11-21T07:08:07.334Z  INFO: [dotenv@17.2.3] injecting env (8) from .env [2m-- tip: ⚙️  write to custom object with { processEnv: myObject }[0m
2025-11-21T07:08:10.652Z  ERROR: (node:16316) [MONGODB DRIVER] Warning: useNewUrlParser is a deprecated option: useNewUrlParser has no effect since Node.js Driver version 4.0.0 and will be removed in the next major version
(Use `node --trace-warnings ...` to show where the warning was created)
2025-11-21T07:08:10.653Z  ERROR: (node:16316) [MONGODB DRIVER] Warning: useUnifiedTopology is a deprecated option: useUnifiedTopology has no effect since Node.js Driver version 4.0.0 and will be removed in the next major version
2025-11-21T07:08:10.653Z  INFO: Server Running on 5000
2025-11-21T07:08:11.616Z  INFO: MongoDB connected
2025-11-21T07:14:34.241Z  INFO: [dotenv@17.2.3] injecting env (8) from .env [2m-- tip: 🔐 prevent building .env in docker: https://dotenvx.com/prebuild[0m
2025-11-21T07:14:41.053Z  ERROR: (node:14300) [MONGODB DRIVER] Warning: useNewUrlParser is a deprecated option: useNewUrlParser has no effect since Node.js Driver version 4.0.0 and will be removed in the next major version
(Use `node --trace-warnings ...` to show where the warning was created)
2025-11-21T07:14:41.054Z  ERROR: (node:14300) [MONGODB DRIVER] Warning: useUnifiedTopology is a deprecated option: useUnifiedTopology has no effect since Node.js Driver version 4.0.0 and will be removed in the next major version
2025-11-21T07:14:41.061Z  INFO: Server Running on 5000
2025-11-21T07:14:41.981Z  INFO: MongoDB connected
2025-11-21T07:24:56.026Z  INFO: [dotenv@17.2.3] injecting env (8) from .env [2m-- tip: ⚙️  override existing env vars with { override: true }[0m
2025-11-21T07:25:00.121Z  ERROR: (node:13240) [MONGODB DRIVER] Warning: useNewUrlParser is a deprecated option: useNewUrlParser has no effect since Node.js Driver version 4.0.0 and will be removed in the next major version
(Use `node --trace-warnings ...` to show where the warning was created)
2025-11-21T07:25:00.122Z  ERROR: (node:13240) [MONGODB DRIVER] Warning: useUnifiedTopology is a deprecated option: useUnifiedTopology has no effect since Node.js Driver version 4.0.0 and will be removed in the next major version
2025-11-21T07:25:00.125Z  INFO: Server Running on 5000
2025-11-21T07:25:01.032Z  INFO: MongoDB connected
2025-11-21T07:26:54.788Z  INFO: [dotenv@17.2.3] injecting env (8) from .env [2m-- tip: 🛠️  run anywhere with `dotenvx run -- yourcommand`[0m
2025-11-21T07:26:57.155Z  ERROR: (node:17008) [MONGODB DRIVER] Warning: useNewUrlParser is a deprecated option: useNewUrlParser has no effect since Node.js Driver version 4.0.0 and will be removed in the next major version
(Use `node --trace-warnings ...` to show where the warning was created)
2025-11-21T07:26:57.155Z  ERROR: (node:17008) [MONGODB DRIVER] Warning: useUnifiedTopology is a deprecated option: useUnifiedTopology has no effect since Node.js Driver version 4.0.0 and will be removed in the next major version
2025-11-21T07:26:57.155Z  INFO: Server Running on 5000
2025-11-21T07:26:57.868Z  INFO: MongoDB connected
2025-11-21T07:32:44.696Z  INFO: [dotenv@17.2.3] injecting env (8) from .env [2m-- tip: ⚙️  load multiple .env files with { path: ['.env.local', '.env'] }[0m
2025-11-21T07:32:47.720Z  ERROR: (node:1100) [MONGODB DRIVER] Warning: useNewUrlParser is a deprecated option: useNewUrlParser has no effect since Node.js Driver version 4.0.0 and will be removed in the next major version
(Use `node --trace-warnings ...` to show where the warning was created)
2025-11-21T07:32:47.720Z  ERROR: (node:1100) [MONGODB DRIVER] Warning: useUnifiedTopology is a deprecated option: useUnifiedTopology has no effect since Node.js Driver version 4.0.0 and will be removed in the next major version
2025-11-21T07:32:47.721Z  INFO: Server Running on 5000
2025-11-21T07:32:48.398Z  INFO: MongoDB connected
2025-11-21T07:33:27.902Z  INFO: [dotenv@17.2.3] injecting env (8) from .env [2m-- tip: ⚙️  write to custom object with { processEnv: myObject }[0m
2025-11-21T07:33:30.051Z  ERROR: (node:19036) [MONGODB DRIVER] Warning: useNewUrlParser is a deprecated option: useNewUrlParser has no effect since Node.js Driver version 4.0.0 and will be removed in the next major version
(Use `node --trace-warnings ...` to show where the warning was created)
2025-11-21T07:33:30.052Z  ERROR: (node:19036) [MONGODB DRIVER] Warning: useUnifiedTopology is a deprecated option: useUnifiedTopology has no effect since Node.js Driver version 4.0.0 and will be removed in the next major version
2025-11-21T07:33:30.052Z  INFO: Server Running on 5000
2025-11-21T07:33:30.679Z  INFO: MongoDB connected
2025-11-21T07:34:25.152Z  INFO: [dotenv@17.2.3] injecting env (8) from .env [2m-- tip: 🛠️  run anywhere with `dotenvx run -- yourcommand`[0m
2025-11-21T07:34:28.323Z  ERROR: (node:18640) [MONGODB DRIVER] Warning: useNewUrlParser is a deprecated option: useNewUrlParser has no effect since Node.js Driver version 4.0.0 and will be removed in the next major version
(Use `node --trace-warnings ...` to show where the warning was created)
2025-11-21T07:34:28.323Z  ERROR: (node:18640) [MONGODB DRIVER] Warning: useUnifiedTopology is a deprecated option: useUnifiedTopology has no effect since Node.js Driver version 4.0.0 and will be removed in the next major version
2025-11-21T07:34:28.327Z  INFO: Server Running on 5000
2025-11-21T07:34:29.016Z  INFO: MongoDB connected
2025-11-21T07:43:43.601Z  INFO: [dotenv@17.2.3] injecting env (8) from .env [2m-- tip: 🔄 add secrets lifecycle management: https://dotenvx.com/ops[0m
2025-11-21T07:43:46.711Z  ERROR: (node:11544) [MONGODB DRIVER] Warning: useNewUrlParser is a deprecated option: useNewUrlParser has no effect since Node.js Driver version 4.0.0 and will be removed in the next major version
(Use `node --trace-warnings ...` to show where the warning was created)
2025-11-21T07:43:46.712Z  ERROR: (node:11544) [MONGODB DRIVER] Warning: useUnifiedTopology is a deprecated option: useUnifiedTopology has no effect since Node.js Driver version 4.0.0 and will be removed in the next major version
2025-11-21T07:43:46.712Z  INFO: Server Running on 5000
2025-11-21T07:43:47.573Z  INFO: MongoDB connected
2025-11-21T07:51:37.045Z  INFO: [dotenv@17.2.3] injecting env (8) from .env [2m-- tip: ✅ audit secrets and track compliance: https://dotenvx.com/ops[0m
2025-11-21T07:51:41.107Z  ERROR: (node:17168) [MONGODB DRIVER] Warning: useNewUrlParser is a deprecated option: useNewUrlParser has no effect since Node.js Driver version 4.0.0 and will be removed in the next major version
(Use `node --trace-warnings ...` to show where the warning was created)
2025-11-21T07:51:41.110Z  ERROR: (node:17168) [MONGODB DRIVER] Warning: useUnifiedTopology is a deprecated option: useUnifiedTopology has no effect since Node.js Driver version 4.0.0 and will be removed in the next major version
2025-11-21T07:51:41.111Z  INFO: Server Running on 5000
2025-11-21T07:51:41.831Z  INFO: MongoDB connected
2025-11-21T07:52:15.489Z  INFO: [dotenv@17.2.3] injecting env (8) from .env [2m-- tip: ⚙️  load multiple .env files with { path: ['.env.local', '.env'] }[0m
2025-11-21T07:52:17.007Z  ERROR: (node:12132) [MONGODB DRIVER] Warning: useNewUrlParser is a deprecated option: useNewUrlParser has no effect since Node.js Driver version 4.0.0 and will be removed in the next major version
(Use `node --trace-warnings ...` to show where the warning was created)
2025-11-21T07:52:17.008Z  ERROR: (node:12132) [MONGODB DRIVER] Warning: useUnifiedTopology is a deprecated option: useUnifiedTopology has no effect since Node.js Driver version 4.0.0 and will be removed in the next major version
2025-11-21T07:52:17.008Z  INFO: Server Running on 5000
2025-11-21T07:52:17.640Z  INFO: MongoDB connected
2025-11-21T07:59:51.732Z  INFO: [dotenv@17.2.3] injecting env (8) from .env [2m-- tip: 🔐 encrypt with Dotenvx: https://dotenvx.com[0m
2025-11-21T07:59:55.549Z  ERROR: (node:7568) [MONGODB DRIVER] Warning: useNewUrlParser is a deprecated option: useNewUrlParser has no effect since Node.js Driver version 4.0.0 and will be removed in the next major version
(Use `node --trace-warnings ...` to show where the warning was created)
2025-11-21T07:59:55.550Z  ERROR: (node:7568) [MONGODB DRIVER] Warning: useUnifiedTopology is a deprecated option: useUnifiedTopology has no effect since Node.js Driver version 4.0.0 and will be removed in the next major version
2025-11-21T07:59:55.550Z  INFO: Server Running on 5000
2025-11-21T07:59:56.224Z  INFO: MongoDB connected
2025-11-21T08:13:11.015Z  INFO: [dotenv@17.2.3] injecting env (8) from .env [2m-- tip: 🔐 prevent committing .env to code: https://dotenvx.com/precommit[0m
2025-11-21T08:13:15.441Z  ERROR: (node:13752) [MONGODB DRIVER] Warning: useNewUrlParser is a deprecated option: useNewUrlParser has no effect since Node.js Driver version 4.0.0 and will be removed in the next major version
(Use `node --trace-warnings ...` to show where the warning was created)
2025-11-21T08:13:15.441Z  ERROR: (node:13752) [MONGODB DRIVER] Warning: useUnifiedTopology is a deprecated option: useUnifiedTopology has no effect since Node.js Driver version 4.0.0 and will be removed in the next major version
2025-11-21T08:13:15.442Z  INFO: Server Running on 5000
2025-11-21T08:13:16.057Z  INFO: MongoDB connected
2025-11-21T08:18:10.711Z  INFO: [dotenv@17.2.3] injecting env (8) from .env [2m-- tip: 📡 add observability to secrets: https://dotenvx.com/ops[0m
2025-11-21T08:18:14.705Z  ERROR: (node:19388) [MONGODB DRIVER] Warning: useNewUrlParser is a deprecated option: useNewUrlParser has no effect since Node.js Driver version 4.0.0 and will be removed in the next major version
(Use `node --trace-warnings ...` to show where the warning was created)
2025-11-21T08:18:14.706Z  ERROR: (node:19388) [MONGODB DRIVER] Warning: useUnifiedTopology is a deprecated option: useUnifiedTopology has no effect since Node.js Driver version 4.0.0 and will be removed in the next major version
2025-11-21T08:18:14.706Z  INFO: Server Running on 5000
2025-11-21T08:18:15.206Z  INFO: MongoDB connected
2025-11-21T08:20:14.046Z  INFO: [dotenv@17.2.3] injecting env (8) from .env [2m-- tip: 🛠️  run anywhere with `dotenvx run -- yourcommand`[0m
2025-11-21T08:20:16.254Z  ERROR: (node:13324) [MONGODB DRIVER] Warning: useNewUrlParser is a deprecated option: useNewUrlParser has no effect since Node.js Driver version 4.0.0 and will be removed in the next major version
(Use `node --trace-warnings ...` to show where the warning was created)
2025-11-21T08:20:16.254Z  ERROR: (node:13324) [MONGODB DRIVER] Warning: useUnifiedTopology is a deprecated option: useUnifiedTopology has no effect since Node.js Driver version 4.0.0 and will be removed in the next major version
2025-11-21T08:20:16.255Z  INFO: Server Running on 5000
2025-11-21T08:20:16.850Z  INFO: MongoDB connected
2025-11-21T08:31:07.603Z  INFO: [dotenv@17.2.3] injecting env (8) from .env [2m-- tip: 📡 add observability to secrets: https://dotenvx.com/ops[0m
2025-11-21T08:31:09.619Z  ERROR: (node:15488) [MONGODB DRIVER] Warning: useNewUrlParser is a deprecated option: useNewUrlParser has no effect since Node.js Driver version 4.0.0 and will be removed in the next major version
(Use `node --trace-warnings ...` to show where the warning was created)
2025-11-21T08:31:09.620Z  ERROR: (node:15488) [MONGODB DRIVER] Warning: useUnifiedTopology is a deprecated option: useUnifiedTopology has no effect since Node.js Driver version 4.0.0 and will be removed in the next major version
2025-11-21T08:31:09.620Z  INFO: Server Running on 5000
2025-11-21T08:31:10.585Z  INFO: MongoDB connected
2025-11-21T08:33:02.503Z  INFO: [dotenv@17.2.3] injecting env (8) from .env [2m-- tip: 🗂️ backup and recover secrets: https://dotenvx.com/ops[0m
2025-11-21T08:33:06.073Z  ERROR: (node:11492) [MONGODB DRIVER] Warning: useNewUrlParser is a deprecated option: useNewUrlParser has no effect since Node.js Driver version 4.0.0 and will be removed in the next major version
(Use `node --trace-warnings ...` to show where the warning was created)
2025-11-21T08:33:06.074Z  ERROR: (node:11492) [MONGODB DRIVER] Warning: useUnifiedTopology is a deprecated option: useUnifiedTopology has no effect since Node.js Driver version 4.0.0 and will be removed in the next major version
2025-11-21T08:33:06.074Z  INFO: Server Running on 5000
2025-11-21T08:33:06.725Z  INFO: MongoDB connected
2025-11-21T10:15:01.960Z  INFO: [dotenv@17.2.3] injecting env (8) from .env [2m-- tip: 🔄 add secrets lifecycle management: https://dotenvx.com/ops[0m
2025-11-21T10:15:06.314Z  ERROR: (node:17724) [MONGODB DRIVER] Warning: useNewUrlParser is a deprecated option: useNewUrlParser has no effect since Node.js Driver version 4.0.0 and will be removed in the next major version
(Use `node --trace-warnings ...` to show where the warning was created)
2025-11-21T10:15:06.315Z  ERROR: (node:17724) [MONGODB DRIVER] Warning: useUnifiedTopology is a deprecated option: useUnifiedTopology has no effect since Node.js Driver version 4.0.0 and will be removed in the next major version
2025-11-21T10:15:06.317Z  INFO: Server Running on 5000
2025-11-21T10:15:07.163Z  INFO: MongoDB connected
2025-11-21T13:25:42.673Z  INFO: [dotenv@17.2.3] injecting env (8) from .env [2m-- tip: 🗂️ backup and recover secrets: https://dotenvx.com/ops[0m
2025-11-21T13:25:46.568Z  ERROR: (node:19944) [MONGODB DRIVER] Warning: useNewUrlParser is a deprecated option: useNewUrlParser has no effect since Node.js Driver version 4.0.0 and will be removed in the next major version
(Use `node --trace-warnings ...` to show where the warning was created)
2025-11-21T13:25:46.569Z  ERROR: (node:19944) [MONGODB DRIVER] Warning: useUnifiedTopology is a deprecated option: useUnifiedTopology has no effect since Node.js Driver version 4.0.0 and will be removed in the next major version
2025-11-21T13:25:46.570Z  INFO: Server Running on 5000
2025-11-24T05:12:33.306Z  INFO: [dotenv@17.2.3] injecting env (8) from .env [2m-- tip: ⚙️  enable debug logging with { debug: true }[0m
2025-11-24T05:12:35.331Z  ERROR: (node:19100) [MONGODB DRIVER] Warning: useNewUrlParser is a deprecated option: useNewUrlParser has no effect since Node.js Driver version 4.0.0 and will be removed in the next major version
(Use `node --trace-warnings ...` to show where the warning was created)
2025-11-24T05:12:35.332Z  ERROR: (node:19100) [MONGODB DRIVER] Warning: useUnifiedTopology is a deprecated option: useUnifiedTopology has no effect since Node.js Driver version 4.0.0 and will be removed in the next major version
2025-11-24T05:12:35.332Z  INFO: Server Running on 5000
2025-11-24T05:12:35.889Z  INFO: MongoDB connected
2025-11-24T08:21:17.493Z  INFO: [dotenv@17.2.3] injecting env (8) from .env [2m-- tip: 🔐 encrypt with Dotenvx: https://dotenvx.com[0m
2025-11-24T08:21:21.591Z  ERROR: (node:15332) [MONGODB DRIVER] Warning: useNewUrlParser is a deprecated option: useNewUrlParser has no effect since Node.js Driver version 4.0.0 and will be removed in the next major version
(Use `node --trace-warnings ...` to show where the warning was created)
2025-11-24T08:21:21.592Z  ERROR: (node:15332) [MONGODB DRIVER] Warning: useUnifiedTopology is a deprecated option: useUnifiedTopology has no effect since Node.js Driver version 4.0.0 and will be removed in the next major version
2025-11-24T08:21:21.592Z  INFO: Server Running on 5000
2025-11-24T08:21:22.120Z  INFO: MongoDB connected
2025-11-24T08:21:53.379Z  INFO: [dotenv@17.2.3] injecting env (8) from .env [2m-- tip: 🗂️ backup and recover secrets: https://dotenvx.com/ops[0m
2025-11-24T08:21:57.208Z  ERROR: (node:9484) [MONGODB DRIVER] Warning: useNewUrlParser is a deprecated option: useNewUrlParser has no effect since Node.js Driver version 4.0.0 and will be removed in the next major version
(Use `node --trace-warnings ...` to show where the warning was created)
2025-11-24T08:21:57.209Z  ERROR: (node:9484) [MONGODB DRIVER] Warning: useUnifiedTopology is a deprecated option: useUnifiedTopology has no effect since Node.js Driver version 4.0.0 and will be removed in the next major version
2025-11-24T08:21:57.209Z  INFO: Server Running on 5000
2025-11-24T08:21:57.976Z  INFO: MongoDB connected
2025-11-24T08:38:03.401Z  INFO: [dotenv@17.2.3] injecting env (8) from .env [2m-- tip: ⚙️  enable debug logging with { debug: true }[0m
2025-11-24T08:38:05.884Z  ERROR: (node:1884) [MONGODB DRIVER] Warning: useNewUrlParser is a deprecated option: useNewUrlParser has no effect since Node.js Driver version 4.0.0 and will be removed in the next major version
(Use `node --trace-warnings ...` to show where the warning was created)
2025-11-24T08:38:05.884Z  ERROR: (node:1884) [MONGODB DRIVER] Warning: useUnifiedTopology is a deprecated option: useUnifiedTopology has no effect since Node.js Driver version 4.0.0 and will be removed in the next major version
2025-11-24T08:38:05.884Z  INFO: Server Running on 5000
2025-11-24T08:38:06.483Z  INFO: MongoDB connected
2025-11-24T08:38:52.876Z  INFO: [dotenv@17.2.3] injecting env (8) from .env [2m-- tip: 🔐 encrypt with Dotenvx: https://dotenvx.com[0m
2025-11-24T08:38:54.559Z  ERROR: (node:8688) [MONGODB DRIVER] Warning: useNewUrlParser is a deprecated option: useNewUrlParser has no effect since Node.js Driver version 4.0.0 and will be removed in the next major version
(Use `node --trace-warnings ...` to show where the warning was created)
2025-11-24T08:38:54.560Z  ERROR: (node:8688) [MONGODB DRIVER] Warning: useUnifiedTopology is a deprecated option: useUnifiedTopology has no effect since Node.js Driver version 4.0.0 and will be removed in the next major version
2025-11-24T08:38:54.561Z  INFO: Server Running on 5000
2025-11-24T08:38:55.148Z  INFO: MongoDB connected
2025-11-24T10:07:30.803Z  INFO: [dotenv@17.2.3] injecting env (8) from .env [2m-- tip: 🔐 prevent committing .env to code: https://dotenvx.com/precommit[0m
2025-11-24T10:07:34.801Z  ERROR: (node:17252) [MONGODB DRIVER] Warning: useNewUrlParser is a deprecated option: useNewUrlParser has no effect since Node.js Driver version 4.0.0 and will be removed in the next major version
(Use `node --trace-warnings ...` to show where the warning was created)
2025-11-24T10:07:34.802Z  ERROR: (node:17252) [MONGODB DRIVER] Warning: useUnifiedTopology is a deprecated option: useUnifiedTopology has no effect since Node.js Driver version 4.0.0 and will be removed in the next major version
2025-11-24T10:07:34.804Z  INFO: Server Running on 5000
2025-11-24T10:07:35.520Z  INFO: MongoDB connected
2025-11-24T10:41:04.444Z  INFO: [dotenv@17.2.3] injecting env (8) from .env [2m-- tip: 📡 add observability to secrets: https://dotenvx.com/ops[0m
2025-11-24T10:41:07.811Z  ERROR: (node:3580) [MONGODB DRIVER] Warning: useNewUrlParser is a deprecated option: useNewUrlParser has no effect since Node.js Driver version 4.0.0 and will be removed in the next major version
(Use `node --trace-warnings ...` to show where the warning was created)
2025-11-24T10:41:07.812Z  ERROR: (node:3580) [MONGODB DRIVER] Warning: useUnifiedTopology is a deprecated option: useUnifiedTopology has no effect since Node.js Driver version 4.0.0 and will be removed in the next major version
2025-11-24T10:41:07.812Z  INFO: Server Running on 5000
2025-11-24T10:41:08.503Z  INFO: MongoDB connected
2025-11-24T12:38:06.960Z  INFO: [dotenv@17.2.3] injecting env (8) from .env [2m-- tip: 🛠️  run anywhere with `dotenvx run -- yourcommand`[0m
2025-11-24T12:38:10.074Z  ERROR: (node:11212) [MONGODB DRIVER] Warning: useNewUrlParser is a deprecated option: useNewUrlParser has no effect since Node.js Driver version 4.0.0 and will be removed in the next major version
(Use `node --trace-warnings ...` to show where the warning was created)
2025-11-24T12:38:10.075Z  ERROR: (node:11212) [MONGODB DRIVER] Warning: useUnifiedTopology is a deprecated option: useUnifiedTopology has no effect since Node.js Driver version 4.0.0 and will be removed in the next major version
2025-11-24T12:38:10.075Z  INFO: Server Running on 5000
2025-11-24T12:38:11.524Z  INFO: MongoDB connected
2025-11-25T07:31:39.497Z  INFO: [dotenv@17.2.3] injecting env (8) from .env [2m-- tip: 🔑 add access controls to secrets: https://dotenvx.com/ops[0m
2025-11-25T07:31:41.922Z  ERROR: (node:12012) [MONGODB DRIVER] Warning: useNewUrlParser is a deprecated option: useNewUrlParser has no effect since Node.js Driver version 4.0.0 and will be removed in the next major version
(Use `node --trace-warnings ...` to show where the warning was created)
2025-11-25T07:31:41.924Z  ERROR: (node:12012) [MONGODB DRIVER] Warning: useUnifiedTopology is a deprecated option: useUnifiedTopology has no effect since Node.js Driver version 4.0.0 and will be removed in the next major version
2025-11-25T07:31:41.925Z  INFO: Server Running on 5000
2025-11-25T07:31:42.733Z  INFO: MongoDB connected
2025-11-25T08:52:04.325Z  INFO: [dotenv@17.2.3] injecting env (8) from .env [2m-- tip: 🔄 add secrets lifecycle management: https://dotenvx.com/ops[0m
2025-11-25T08:52:10.112Z  ERROR: (node:10744) [MONGODB DRIVER] Warning: useNewUrlParser is a deprecated option: useNewUrlParser has no effect since Node.js Driver version 4.0.0 and will be removed in the next major version
(Use `node --trace-warnings ...` to show where the warning was created)
2025-11-25T08:52:10.113Z  ERROR: (node:10744) [MONGODB DRIVER] Warning: useUnifiedTopology is a deprecated option: useUnifiedTopology has no effect since Node.js Driver version 4.0.0 and will be removed in the next major version
2025-11-25T08:52:10.114Z  INFO: Server Running on 5000
2025-11-25T08:52:10.978Z  INFO: MongoDB connected
2025-11-25T08:52:13.048Z  INFO: [dotenv@17.2.3] injecting env (8) from .env [2m-- tip: 🛠️  run anywhere with `dotenvx run -- yourcommand`[0m
2025-11-25T08:52:21.700Z  ERROR: (node:19764) [MONGODB DRIVER] Warning: useNewUrlParser is a deprecated option: useNewUrlParser has no effect since Node.js Driver version 4.0.0 and will be removed in the next major version
(Use `node --trace-warnings ...` to show where the warning was created)
2025-11-25T08:52:21.700Z  ERROR: (node:19764) [MONGODB DRIVER] Warning: useUnifiedTopology is a deprecated option: useUnifiedTopology has no effect since Node.js Driver version 4.0.0 and will be removed in the next major version
2025-11-25T08:52:21.701Z  INFO: Server Running on 5000
2025-11-25T08:52:22.394Z  INFO: MongoDB connected
2025-11-25T08:52:40.978Z  INFO: [dotenv@17.2.3] injecting env (8) from .env [2m-- tip: ⚙️  load multiple .env files with { path: ['.env.local', '.env'] }[0m
2025-11-25T08:52:45.488Z  ERROR: (node:8172) [MONGODB DRIVER] Warning: useNewUrlParser is a deprecated option: useNewUrlParser has no effect since Node.js Driver version 4.0.0 and will be removed in the next major version
(Use `node --trace-warnings ...` to show where the warning was created)
2025-11-25T08:52:45.488Z  ERROR: (node:8172) [MONGODB DRIVER] Warning: useUnifiedTopology is a deprecated option: useUnifiedTopology has no effect since Node.js Driver version 4.0.0 and will be removed in the next major version
2025-11-25T08:52:45.488Z  INFO: Server Running on 5000
2025-11-25T08:52:46.059Z  INFO: MongoDB connected
2025-11-25T09:02:57.150Z  INFO: [dotenv@17.2.3] injecting env (10) from .env [2m-- tip: ⚙️  suppress all logs with { quiet: true }[0m
2025-11-25T09:03:01.631Z  ERROR: (node:1816) [MONGODB DRIVER] Warning: useNewUrlParser is a deprecated option: useNewUrlParser has no effect since Node.js Driver version 4.0.0 and will be removed in the next major version
(Use `node --trace-warnings ...` to show where the warning was created)
2025-11-25T09:03:01.631Z  ERROR: (node:1816) [MONGODB DRIVER] Warning: useUnifiedTopology is a deprecated option: useUnifiedTopology has no effect since Node.js Driver version 4.0.0 and will be removed in the next major version
2025-11-25T09:03:01.632Z  INFO: Server Running on 5000
2025-11-25T09:03:02.330Z  INFO: MongoDB connected
2025-11-25T09:06:20.518Z  INFO: [dotenv@17.2.3] injecting env (10) from .env [2m-- tip: ⚙️  enable debug logging with { debug: true }[0m
2025-11-25T09:06:23.922Z  ERROR: (node:13676) [MONGODB DRIVER] Warning: useNewUrlParser is a deprecated option: useNewUrlParser has no effect since Node.js Driver version 4.0.0 and will be removed in the next major version
(Use `node --trace-warnings ...` to show where the warning was created)
2025-11-25T09:06:23.923Z  ERROR: (node:13676) [MONGODB DRIVER] Warning: useUnifiedTopology is a deprecated option: useUnifiedTopology has no effect since Node.js Driver version 4.0.0 and will be removed in the next major version
2025-11-25T09:06:23.924Z  INFO: Server Running on 5000
2025-11-25T09:06:24.576Z  INFO: MongoDB connected
2025-11-25T09:07:08.888Z  INFO: [dotenv@17.2.3] injecting env (10) from .env [2m-- tip: ⚙️  specify custom .env file path with { path: '/custom/path/.env' }[0m
2025-11-25T09:07:11.929Z  ERROR: (node:14072) [MONGODB DRIVER] Warning: useNewUrlParser is a deprecated option: useNewUrlParser has no effect since Node.js Driver version 4.0.0 and will be removed in the next major version
(Use `node --trace-warnings ...` to show where the warning was created)
2025-11-25T09:07:11.930Z  ERROR: (node:14072) [MONGODB DRIVER] Warning: useUnifiedTopology is a deprecated option: useUnifiedTopology has no effect since Node.js Driver version 4.0.0 and will be removed in the next major version
2025-11-25T09:07:11.930Z  INFO: Server Running on 5000
2025-11-25T09:07:12.645Z  INFO: MongoDB connected
2025-11-25T10:05:30.382Z  INFO: [dotenv@17.2.3] injecting env (10) from .env [2m-- tip: 🔄 add secrets lifecycle management: https://dotenvx.com/ops[0m
2025-11-25T10:05:38.856Z  ERROR: (node:13664) [MONGODB DRIVER] Warning: useNewUrlParser is a deprecated option: useNewUrlParser has no effect since Node.js Driver version 4.0.0 and will be removed in the next major version
(Use `node --trace-warnings ...` to show where the warning was created)
2025-11-25T10:05:38.856Z  ERROR: (node:13664) [MONGODB DRIVER] Warning: useUnifiedTopology is a deprecated option: useUnifiedTopology has no effect since Node.js Driver version 4.0.0 and will be removed in the next major version
2025-11-25T10:05:38.857Z  INFO: Server Running on 5000
2025-11-25T10:05:40.438Z  INFO: MongoDB connected
2025-11-25T10:28:23.348Z  INFO: [dotenv@17.2.3] injecting env (10) from .env [2m-- tip: ✅ audit secrets and track compliance: https://dotenvx.com/ops[0m
2025-11-25T10:28:29.509Z  ERROR: (node:12844) [MONGODB DRIVER] Warning: useNewUrlParser is a deprecated option: useNewUrlParser has no effect since Node.js Driver version 4.0.0 and will be removed in the next major version
(Use `node --trace-warnings ...` to show where the warning was created)
2025-11-25T10:28:29.510Z  ERROR: (node:12844) [MONGODB DRIVER] Warning: useUnifiedTopology is a deprecated option: useUnifiedTopology has no effect since Node.js Driver version 4.0.0 and will be removed in the next major version
2025-11-25T10:28:29.510Z  INFO: Server Running on 5000
2025-11-25T10:28:30.078Z  INFO: MongoDB connected
2025-11-25T11:07:05.743Z  INFO: [dotenv@17.2.3] injecting env (10) from .env [2m-- tip: 🔐 prevent building .env in docker: https://dotenvx.com/prebuild[0m
2025-11-25T11:07:10.191Z  ERROR: (node:14132) [MONGODB DRIVER] Warning: useNewUrlParser is a deprecated option: useNewUrlParser has no effect since Node.js Driver version 4.0.0 and will be removed in the next major version
(Use `node --trace-warnings ...` to show where the warning was created)
2025-11-25T11:07:10.192Z  ERROR: (node:14132) [MONGODB DRIVER] Warning: useUnifiedTopology is a deprecated option: useUnifiedTopology has no effect since Node.js Driver version 4.0.0 and will be removed in the next major version
2025-11-25T11:07:10.193Z  INFO: Server Running on 5000
2025-11-25T11:07:23.276Z  INFO: MongoDB connected
2025-11-25T11:24:07.498Z  INFO: [dotenv@17.2.3] injecting env (10) from .env [2m-- tip: 👥 sync secrets across teammates & machines: https://dotenvx.com/ops[0m
2025-11-25T11:24:10.388Z  ERROR: (node:15988) [MONGODB DRIVER] Warning: useNewUrlParser is a deprecated option: useNewUrlParser has no effect since Node.js Driver version 4.0.0 and will be removed in the next major version
(Use `node --trace-warnings ...` to show where the warning was created)
2025-11-25T11:24:10.389Z  ERROR: (node:15988) [MONGODB DRIVER] Warning: useUnifiedTopology is a deprecated option: useUnifiedTopology has no effect since Node.js Driver version 4.0.0 and will be removed in the next major version
2025-11-25T11:24:10.391Z  INFO: Server Running on 5000
2025-11-25T11:24:11.043Z  INFO: MongoDB connected
2025-11-25T11:27:19.134Z  INFO: [dotenv@17.2.3] injecting env (10) from .env [2m-- tip: 🔐 encrypt with Dotenvx: https://dotenvx.com[0m
2025-11-25T11:27:22.085Z  ERROR: (node:19752) [MONGODB DRIVER] Warning: useNewUrlParser is a deprecated option: useNewUrlParser has no effect since Node.js Driver version 4.0.0 and will be removed in the next major version
(Use `node --trace-warnings ...` to show where the warning was created)
2025-11-25T11:27:22.086Z  ERROR: (node:19752) [MONGODB DRIVER] Warning: useUnifiedTopology is a deprecated option: useUnifiedTopology has no effect since Node.js Driver version 4.0.0 and will be removed in the next major version
2025-11-25T11:27:22.087Z  INFO: Server Running on 5000
2025-11-25T11:27:22.939Z  INFO: MongoDB connected
2025-11-25T11:34:40.031Z  INFO: [dotenv@17.2.3] injecting env (10) from .env [2m-- tip: 🔐 encrypt with Dotenvx: https://dotenvx.com[0m
2025-11-25T11:34:42.459Z  ERROR: (node:7908) [MONGODB DRIVER] Warning: useNewUrlParser is a deprecated option: useNewUrlParser has no effect since Node.js Driver version 4.0.0 and will be removed in the next major version
(Use `node --trace-warnings ...` to show where the warning was created)
2025-11-25T11:34:42.459Z  ERROR: (node:7908) [MONGODB DRIVER] Warning: useUnifiedTopology is a deprecated option: useUnifiedTopology has no effect since Node.js Driver version 4.0.0 and will be removed in the next major version
2025-11-25T11:34:42.460Z  INFO: Server Running on 5000
2025-11-25T11:34:43.148Z  INFO: MongoDB connected
2025-11-25T11:37:36.386Z  INFO: [dotenv@17.2.3] injecting env (10) from .env [2m-- tip: ⚙️  suppress all logs with { quiet: true }[0m
2025-11-25T11:37:42.439Z  ERROR: (node:19188) [MONGODB DRIVER] Warning: useNewUrlParser is a deprecated option: useNewUrlParser has no effect since Node.js Driver version 4.0.0 and will be removed in the next major version
(Use `node --trace-warnings ...` to show where the warning was created)
2025-11-25T11:37:42.443Z  ERROR: (node:19188) [MONGODB DRIVER] Warning: useUnifiedTopology is a deprecated option: useUnifiedTopology has no effect since Node.js Driver version 4.0.0 and will be removed in the next major version
2025-11-25T11:37:42.445Z  INFO: Server Running on 5000
2025-11-25T11:37:43.751Z  INFO: MongoDB connected
2025-11-25T11:41:28.253Z  INFO: [dotenv@17.2.3] injecting env (10) from .env [2m-- tip: 🔑 add access controls to secrets: https://dotenvx.com/ops[0m
2025-11-25T11:41:34.652Z  ERROR: (node:9920) [MONGODB DRIVER] Warning: useNewUrlParser is a deprecated option: useNewUrlParser has no effect since Node.js Driver version 4.0.0 and will be removed in the next major version
(Use `node --trace-warnings ...` to show where the warning was created)
2025-11-25T11:41:34.654Z  ERROR: (node:9920) [MONGODB DRIVER] Warning: useUnifiedTopology is a deprecated option: useUnifiedTopology has no effect since Node.js Driver version 4.0.0 and will be removed in the next major version
2025-11-25T11:41:34.656Z  INFO: Server Running on 5000
2025-11-25T11:41:35.585Z  INFO: MongoDB connected
2025-11-25T11:45:32.714Z  INFO: [dotenv@17.2.3] injecting env (10) from .env [2m-- tip: 🔐 prevent building .env in docker: https://dotenvx.com/prebuild[0m
2025-11-25T11:45:38.897Z  ERROR: (node:14292) [MONGODB DRIVER] Warning: useNewUrlParser is a deprecated option: useNewUrlParser has no effect since Node.js Driver version 4.0.0 and will be removed in the next major version
(Use `node --trace-warnings ...` to show where the warning was created)
2025-11-25T11:45:38.900Z  ERROR: (node:14292) [MONGODB DRIVER] Warning: useUnifiedTopology is a deprecated option: useUnifiedTopology has no effect since Node.js Driver version 4.0.0 and will be removed in the next major version
2025-11-25T11:45:38.903Z  INFO: Server Running on 5000
2025-11-25T11:45:40.243Z  INFO: MongoDB connected
2025-11-25T11:49:30.240Z  INFO: [dotenv@17.2.3] injecting env (10) from .env [2m-- tip: 🔐 prevent building .env in docker: https://dotenvx.com/prebuild[0m
2025-11-25T11:49:33.452Z  ERROR: (node:3992) [MONGODB DRIVER] Warning: useNewUrlParser is a deprecated option: useNewUrlParser has no effect since Node.js Driver version 4.0.0 and will be removed in the next major version
(Use `node --trace-warnings ...` to show where the warning was created)
2025-11-25T11:49:33.452Z  ERROR: (node:3992) [MONGODB DRIVER] Warning: useUnifiedTopology is a deprecated option: useUnifiedTopology has no effect since Node.js Driver version 4.0.0 and will be removed in the next major version
2025-11-25T11:49:33.453Z  INFO: Server Running on 5000
2025-11-25T11:49:34.232Z  INFO: MongoDB connected
2025-11-25T12:08:35.938Z  INFO: [dotenv@17.2.3] injecting env (10) from .env [2m-- tip: 🔐 prevent committing .env to code: https://dotenvx.com/precommit[0m
2025-11-25T12:08:40.367Z  ERROR: (node:128) [MONGODB DRIVER] Warning: useNewUrlParser is a deprecated option: useNewUrlParser has no effect since Node.js Driver version 4.0.0 and will be removed in the next major version
(Use `node --trace-warnings ...` to show where the warning was created)
2025-11-25T12:08:40.368Z  ERROR: (node:128) [MONGODB DRIVER] Warning: useUnifiedTopology is a deprecated option: useUnifiedTopology has no effect since Node.js Driver version 4.0.0 and will be removed in the next major version
2025-11-25T12:08:40.368Z  INFO: Server Running on 5000
2025-11-25T12:08:41.061Z  INFO: MongoDB connected
2025-11-25T12:31:21.046Z  INFO: [dotenv@17.2.3] injecting env (10) from .env [2m-- tip: 🔐 prevent building .env in docker: https://dotenvx.com/prebuild[0m
2025-11-25T12:31:29.669Z  ERROR: (node:6772) [MONGODB DRIVER] Warning: useNewUrlParser is a deprecated option: useNewUrlParser has no effect since Node.js Driver version 4.0.0 and will be removed in the next major version
(Use `node --trace-warnings ...` to show where the warning was created)
2025-11-25T12:31:29.670Z  ERROR: (node:6772) [MONGODB DRIVER] Warning: useUnifiedTopology is a deprecated option: useUnifiedTopology has no effect since Node.js Driver version 4.0.0 and will be removed in the next major version
2025-11-25T12:31:29.671Z  INFO: Server Running on 5000
2025-11-25T12:31:30.882Z  INFO: MongoDB connected
2025-11-25T12:42:15.894Z  INFO: [dotenv@17.2.3] injecting env (10) from .env [2m-- tip: ⚙️  load multiple .env files with { path: ['.env.local', '.env'] }[0m
2025-11-25T12:42:20.031Z  ERROR: (node:1872) [MONGODB DRIVER] Warning: useNewUrlParser is a deprecated option: useNewUrlParser has no effect since Node.js Driver version 4.0.0 and will be removed in the next major version
(Use `node --trace-warnings ...` to show where the warning was created)
2025-11-25T12:42:20.032Z  ERROR: (node:1872) [MONGODB DRIVER] Warning: useUnifiedTopology is a deprecated option: useUnifiedTopology has no effect since Node.js Driver version 4.0.0 and will be removed in the next major version
2025-11-25T12:42:20.032Z  INFO: Server Running on 5000
2025-11-25T12:42:20.852Z  INFO: MongoDB connected
2025-11-25T13:07:27.881Z  INFO: [dotenv@17.2.3] injecting env (10) from .env [2m-- tip: ⚙️  suppress all logs with { quiet: true }[0m
2025-11-25T13:07:33.665Z  ERROR: (node:16268) [MONGODB DRIVER] Warning: useNewUrlParser is a deprecated option: useNewUrlParser has no effect since Node.js Driver version 4.0.0 and will be removed in the next major version
(Use `node --trace-warnings ...` to show where the warning was created)
2025-11-25T13:07:33.667Z  ERROR: (node:16268) [MONGODB DRIVER] Warning: useUnifiedTopology is a deprecated option: useUnifiedTopology has no effect since Node.js Driver version 4.0.0 and will be removed in the next major version
2025-11-25T13:07:33.668Z  INFO: Server Running on 5000
2025-11-25T13:07:35.476Z  INFO: MongoDB connected
2025-11-25T13:15:10.032Z  INFO: [dotenv@17.2.3] injecting env (10) from .env [2m-- tip: 🔑 add access controls to secrets: https://dotenvx.com/ops[0m
2025-11-25T13:15:12.687Z  ERROR: (node:16088) [MONGODB DRIVER] Warning: useNewUrlParser is a deprecated option: useNewUrlParser has no effect since Node.js Driver version 4.0.0 and will be removed in the next major version
(Use `node --trace-warnings ...` to show where the warning was created)
2025-11-25T13:15:12.688Z  ERROR: (node:16088) [MONGODB DRIVER] Warning: useUnifiedTopology is a deprecated option: useUnifiedTopology has no effect since Node.js Driver version 4.0.0 and will be removed in the next major version
2025-11-25T13:15:12.688Z  INFO: Server Running on 5000
2025-11-25T13:15:13.298Z  INFO: MongoDB connected
2025-11-25T13:24:51.612Z  INFO: [dotenv@17.2.3] injecting env (10) from .env [2m-- tip: ⚙️  specify custom .env file path with { path: '/custom/path/.env' }[0m
2025-11-25T13:24:55.672Z  ERROR: (node:15064) [MONGODB DRIVER] Warning: useNewUrlParser is a deprecated option: useNewUrlParser has no effect since Node.js Driver version 4.0.0 and will be removed in the next major version
(Use `node --trace-warnings ...` to show where the warning was created)
2025-11-25T13:24:55.673Z  ERROR: (node:15064) [MONGODB DRIVER] Warning: useUnifiedTopology is a deprecated option: useUnifiedTopology has no effect since Node.js Driver version 4.0.0 and will be removed in the next major version
2025-11-25T13:24:55.674Z  INFO: Server Running on 5000
2025-11-25T13:24:56.525Z  INFO: MongoDB connected
2025-11-26T08:24:07.431Z  INFO: [dotenv@17.2.3] injecting env (10) from .env [2m-- tip: 🔑 add access controls to secrets: https://dotenvx.com/ops[0m
2025-11-26T08:24:10.950Z  ERROR: (node:14832) [MONGODB DRIVER] Warning: useNewUrlParser is a deprecated option: useNewUrlParser has no effect since Node.js Driver version 4.0.0 and will be removed in the next major version
(Use `node --trace-warnings ...` to show where the warning was created)
2025-11-26T08:24:10.951Z  ERROR: (node:14832) [MONGODB DRIVER] Warning: useUnifiedTopology is a deprecated option: useUnifiedTopology has no effect since Node.js Driver version 4.0.0 and will be removed in the next major version
2025-11-26T08:24:10.952Z  INFO: Server Running on 5000
2025-11-26T08:24:11.613Z  INFO: MongoDB connected
2025-11-26T08:29:22.188Z  INFO: [dotenv@17.2.3] injecting env (10) from .env [2m-- tip: 🔐 prevent committing .env to code: https://dotenvx.com/precommit[0m
2025-11-26T08:29:28.129Z  ERROR: (node:14844) [MONGODB DRIVER] Warning: useNewUrlParser is a deprecated option: useNewUrlParser has no effect since Node.js Driver version 4.0.0 and will be removed in the next major version
(Use `node --trace-warnings ...` to show where the warning was created)
2025-11-26T08:29:28.130Z  ERROR: (node:14844) [MONGODB DRIVER] Warning: useUnifiedTopology is a deprecated option: useUnifiedTopology has no effect since Node.js Driver version 4.0.0 and will be removed in the next major version
2025-11-26T08:29:28.141Z  INFO: Server Running on 5000
2025-11-26T08:29:29.326Z  INFO: MongoDB connected
2025-11-27T05:02:11.286Z  INFO: [dotenv@17.2.3] injecting env (10) from .env [2m-- tip: 🔐 prevent committing .env to code: https://dotenvx.com/precommit[0m
2025-11-27T05:02:16.218Z  ERROR: (node:2640) [MONGODB DRIVER] Warning: useNewUrlParser is a deprecated option: useNewUrlParser has no effect since Node.js Driver version 4.0.0 and will be removed in the next major version
(Use `node --trace-warnings ...` to show where the warning was created)
2025-11-27T05:02:16.218Z  ERROR: (node:2640) [MONGODB DRIVER] Warning: useUnifiedTopology is a deprecated option: useUnifiedTopology has no effect since Node.js Driver version 4.0.0 and will be removed in the next major version
2025-11-27T05:02:16.225Z  INFO: Server Running on 5000
2025-11-27T05:02:17.338Z  INFO: MongoDB connected
2025-11-27T05:02:58.592Z  INFO: [dotenv@17.2.3] injecting env (10) from .env [2m-- tip: 🔐 prevent committing .env to code: https://dotenvx.com/precommit[0m
2025-11-27T05:03:00.702Z  ERROR: (node:14876) [MONGODB DRIVER] Warning: useNewUrlParser is a deprecated option: useNewUrlParser has no effect since Node.js Driver version 4.0.0 and will be removed in the next major version
(Use `node --trace-warnings ...` to show where the warning was created)
2025-11-27T05:03:00.703Z  ERROR: (node:14876) [MONGODB DRIVER] Warning: useUnifiedTopology is a deprecated option: useUnifiedTopology has no effect since Node.js Driver version 4.0.0 and will be removed in the next major version
2025-11-27T05:03:00.703Z  INFO: Server Running on 5000
2025-11-27T05:03:01.196Z  INFO: MongoDB connected
2025-11-27T05:28:57.618Z  INFO: [dotenv@17.2.3] injecting env (10) from .env [2m-- tip: ⚙️  enable debug logging with { debug: true }[0m
2025-11-27T05:29:02.736Z  ERROR: (node:12804) [MONGODB DRIVER] Warning: useNewUrlParser is a deprecated option: useNewUrlParser has no effect since Node.js Driver version 4.0.0 and will be removed in the next major version
(Use `node --trace-warnings ...` to show where the warning was created)
2025-11-27T05:29:02.736Z  ERROR: (node:12804) [MONGODB DRIVER] Warning: useUnifiedTopology is a deprecated option: useUnifiedTopology has no effect since Node.js Driver version 4.0.0 and will be removed in the next major version
2025-11-27T05:29:02.737Z  INFO: Server Running on 5000
2025-11-27T05:29:03.317Z  INFO: MongoDB connected
2025-11-27T05:31:30.270Z  INFO: [dotenv@17.2.3] injecting env (10) from .env [2m-- tip: 👥 sync secrets across teammates & machines: https://dotenvx.com/ops[0m
2025-11-27T05:31:32.060Z  ERROR: (node:5940) [MONGODB DRIVER] Warning: useNewUrlParser is a deprecated option: useNewUrlParser has no effect since Node.js Driver version 4.0.0 and will be removed in the next major version
(Use `node --trace-warnings ...` to show where the warning was created)
2025-11-27T05:31:32.061Z  ERROR: (node:5940) [MONGODB DRIVER] Warning: useUnifiedTopology is a deprecated option: useUnifiedTopology has no effect since Node.js Driver version 4.0.0 and will be removed in the next major version
2025-11-27T05:31:32.062Z  INFO: Server Running on 5000
2025-11-27T05:31:32.732Z  INFO: MongoDB connected
2025-11-27T05:34:47.479Z  INFO: [dotenv@17.2.3] injecting env (10) from .env [2m-- tip: 🗂️ backup and recover secrets: https://dotenvx.com/ops[0m
2025-11-27T05:34:50.616Z  ERROR: (node:11156) [MONGODB DRIVER] Warning: useNewUrlParser is a deprecated option: useNewUrlParser has no effect since Node.js Driver version 4.0.0 and will be removed in the next major version
(Use `node --trace-warnings ...` to show where the warning was created)
2025-11-27T05:34:50.617Z  ERROR: (node:11156) [MONGODB DRIVER] Warning: useUnifiedTopology is a deprecated option: useUnifiedTopology has no effect since Node.js Driver version 4.0.0 and will be removed in the next major version
2025-11-27T05:34:50.617Z  INFO: Server Running on 5000
2025-11-27T05:34:51.311Z  INFO: MongoDB connected
2025-11-27T06:12:44.979Z  INFO: [dotenv@17.2.3] injecting env (10) from .env [2m-- tip: 🔐 prevent building .env in docker: https://dotenvx.com/prebuild[0m
2025-11-27T06:12:49.046Z  ERROR: (node:9748) [MONGODB DRIVER] Warning: useNewUrlParser is a deprecated option: useNewUrlParser has no effect since Node.js Driver version 4.0.0 and will be removed in the next major version
(Use `node --trace-warnings ...` to show where the warning was created)
2025-11-27T06:12:49.046Z  ERROR: (node:9748) [MONGODB DRIVER] Warning: useUnifiedTopology is a deprecated option: useUnifiedTopology has no effect since Node.js Driver version 4.0.0 and will be removed in the next major version
2025-11-27T06:12:49.047Z  INFO: Server Running on 5000
2025-11-27T06:12:49.790Z  INFO: MongoDB connected
2025-11-27T06:48:10.139Z  INFO: [dotenv@17.2.3] injecting env (10) from .env [2m-- tip: 🔄 add secrets lifecycle management: https://dotenvx.com/ops[0m
2025-11-27T06:48:13.086Z  ERROR: (node:20384) [MONGODB DRIVER] Warning: useNewUrlParser is a deprecated option: useNewUrlParser has no effect since Node.js Driver version 4.0.0 and will be removed in the next major version
(Use `node --trace-warnings ...` to show where the warning was created)
2025-11-27T06:48:13.087Z  ERROR: (node:20384) [MONGODB DRIVER] Warning: useUnifiedTopology is a deprecated option: useUnifiedTopology has no effect since Node.js Driver version 4.0.0 and will be removed in the next major version
2025-11-27T06:48:13.088Z  INFO: Server Running on PORT 5000
2025-11-27T06:48:13.627Z  INFO: MongoDB connected
2025-11-28T04:53:53.035Z  INFO: [dotenv@17.2.3] injecting env (10) from .env [2m-- tip: 🗂️ backup and recover secrets: https://dotenvx.com/ops[0m
2025-11-28T04:53:55.332Z  ERROR: (node:11888) [MONGODB DRIVER] Warning: useNewUrlParser is a deprecated option: useNewUrlParser has no effect since Node.js Driver version 4.0.0 and will be removed in the next major version
(Use `node --trace-warnings ...` to show where the warning was created)
2025-11-28T04:53:55.333Z  ERROR: (node:11888) [MONGODB DRIVER] Warning: useUnifiedTopology is a deprecated option: useUnifiedTopology has no effect since Node.js Driver version 4.0.0 and will be removed in the next major version
2025-11-28T04:53:55.334Z  INFO: Server Running on PORT 5000
2025-11-28T04:53:59.021Z  INFO: MongoDB connected
